<?xml version="1.0" encoding="UTF-8"?>
<!-- Generated by org.testng.reporters.JUnitXMLReporter -->
<testsuite ignored="0" hostname="Swapnas-MBP" failures="0" tests="5" name="Open Cart Home Page Test_safari" time="20.022" errors="0" timestamp="2024-07-10T22:09:12 GMT-04:00">
  <testcase classname="com.qa.opencart.test.HomePageTest" name="homePageTitleTest" time="0.051"/>
  <testcase classname="com.qa.opencart.test.HomePageTest" name="homePageUrlTest" time="0.447"/>
  <testcase classname="com.qa.opencart.test.HomePageTest" name="searchTest" time="0.938"/>
  <testcase classname="com.qa.opencart.test.HomePageTest" name="searchTest" time="0.972"/>
  <testcase classname="com.qa.opencart.test.HomePageTest" name="searchTest" time="0.605"/>
</testsuite> <!-- Open Cart Home Page Test_safari -->
