<?xml version="1.0" encoding="UTF-8"?>
<testng-results ignored="0" total="5" passed="5" failed="0" skipped="0">
  <reporter-output>
  </reporter-output>
  <suite started-at="2024-10-29T20:55:29 GMT-04:00" name="Default suite" finished-at="2024-10-29T20:55:42 GMT-04:00" duration-ms="13125">
    <groups>
    </groups>
    <test started-at="2024-10-29T20:55:29 GMT-04:00" name="Default test" finished-at="2024-10-29T20:55:42 GMT-04:00" duration-ms="13125">
      <class name="com.qa.opencart.test.HomePageTest">
        <test-method is-config="true" signature="setUp()[pri:0, instance:com.qa.opencart.test.HomePageTest@7ff95560]" started-at="2024-10-29T20:55:29 GMT-04:00" name="setUp" finished-at="2024-10-29T20:55:40 GMT-04:00" duration-ms="10907" status="PASS">
          <reporter-output>
          </reporter-output>
        </test-method> <!-- setUp -->
        <test-method signature="homePageTitleTest()[pri:0, instance:com.qa.opencart.test.HomePageTest@7ff95560]" started-at="2024-10-29T20:55:40 GMT-04:00" name="homePageTitleTest" finished-at="2024-10-29T20:55:40 GMT-04:00" duration-ms="25" status="PASS">
          <reporter-output>
          </reporter-output>
        </test-method> <!-- homePageTitleTest -->
        <test-method signature="homePageUrlTest()[pri:0, instance:com.qa.opencart.test.HomePageTest@7ff95560]" started-at="2024-10-29T20:55:40 GMT-04:00" name="homePageUrlTest" finished-at="2024-10-29T20:55:40 GMT-04:00" duration-ms="2" status="PASS">
          <reporter-output>
          </reporter-output>
        </test-method> <!-- homePageUrlTest -->
        <test-method signature="searchTest(java.lang.String)[pri:0, instance:com.qa.opencart.test.HomePageTest@7ff95560]" started-at="2024-10-29T20:55:40 GMT-04:00" name="searchTest" data-provider="getProductData" finished-at="2024-10-29T20:55:41 GMT-04:00" duration-ms="665" status="PASS">
          <params>
            <param index="0">
              <value>
                <![CDATA[Macbook]]>
              </value>
            </param>
          </params>
          <reporter-output>
          </reporter-output>
        </test-method> <!-- searchTest -->
        <test-method signature="searchTest(java.lang.String)[pri:0, instance:com.qa.opencart.test.HomePageTest@7ff95560]" started-at="2024-10-29T20:55:41 GMT-04:00" name="searchTest" data-provider="getProductData" finished-at="2024-10-29T20:55:41 GMT-04:00" duration-ms="572" status="PASS">
          <params>
            <param index="0">
              <value>
                <![CDATA[iMAc]]>
              </value>
            </param>
          </params>
          <reporter-output>
          </reporter-output>
        </test-method> <!-- searchTest -->
        <test-method signature="searchTest(java.lang.String)[pri:0, instance:com.qa.opencart.test.HomePageTest@7ff95560]" started-at="2024-10-29T20:55:41 GMT-04:00" name="searchTest" data-provider="getProductData" finished-at="2024-10-29T20:55:42 GMT-04:00" duration-ms="569" status="PASS">
          <params>
            <param index="0">
              <value>
                <![CDATA[Samsung]]>
              </value>
            </param>
          </params>
          <reporter-output>
          </reporter-output>
        </test-method> <!-- searchTest -->
        <test-method is-config="true" signature="tearDown()[pri:0, instance:com.qa.opencart.test.HomePageTest@7ff95560]" started-at="2024-10-29T20:55:42 GMT-04:00" name="tearDown" finished-at="2024-10-29T20:55:42 GMT-04:00" duration-ms="282" status="PASS">
          <reporter-output>
          </reporter-output>
        </test-method> <!-- tearDown -->
      </class> <!-- com.qa.opencart.test.HomePageTest -->
    </test> <!-- Default test -->
  </suite> <!-- Default suite -->
</testng-results>
