<?xml version="1.0" encoding="UTF-8"?>
<!-- Generated by org.testng.reporters.JUnitXMLReporter -->
<testsuite ignored="0" hostname="Swapnas-MBP" failures="0" tests="5" name="Default test" time="13.125" errors="0" timestamp="2024-10-29T20:55:42 GMT-04:00">
  <testcase classname="com.qa.opencart.test.HomePageTest" name="homePageTitleTest" time="0.025"/>
  <testcase classname="com.qa.opencart.test.HomePageTest" name="homePageUrlTest" time="0.002"/>
  <testcase classname="com.qa.opencart.test.HomePageTest" name="searchTest" time="0.665"/>
  <testcase classname="com.qa.opencart.test.HomePageTest" name="searchTest" time="0.572"/>
  <testcase classname="com.qa.opencart.test.HomePageTest" name="searchTest" time="0.569"/>
</testsuite> <!-- Default test -->
