<?xml version="1.0" encoding="UTF-8"?>
<testng-results ignored="0" total="2" passed="2" failed="0" skipped="0">
  <reporter-output>
  </reporter-output>
  <suite started-at="2024-10-29T20:56:25 GMT-04:00" name="Default suite" finished-at="2024-10-29T20:56:32 GMT-04:00" duration-ms="7203">
    <groups>
    </groups>
    <test started-at="2024-10-29T20:56:25 GMT-04:00" name="Default test" finished-at="2024-10-29T20:56:32 GMT-04:00" duration-ms="7203">
      <class name="com.qa.api.tests.GET.GETAPICall">
        <test-method is-config="true" signature="setup()[pri:0, instance:com.qa.api.tests.GET.GETAPICall@1b68b9a4]" started-at="2024-10-29T20:56:25 GMT-04:00" name="setup" finished-at="2024-10-29T20:56:30 GMT-04:00" duration-ms="4933" status="PASS">
          <reporter-output>
          </reporter-output>
        </test-method> <!-- setup -->
        <test-method signature="getSpecificUSerTest()[pri:0, instance:com.qa.api.tests.GET.GETAPICall@1b68b9a4]" started-at="2024-10-29T20:56:30 GMT-04:00" name="getSpecificUSerTest" finished-at="2024-10-29T20:56:31 GMT-04:00" duration-ms="911" status="PASS">
          <reporter-output>
          </reporter-output>
        </test-method> <!-- getSpecificUSerTest -->
        <test-method signature="getUSersAPITest()[pri:0, instance:com.qa.api.tests.GET.GETAPICall@1b68b9a4]" started-at="2024-10-29T20:56:31 GMT-04:00" name="getUSersAPITest" finished-at="2024-10-29T20:56:32 GMT-04:00" duration-ms="1285" status="PASS">
          <reporter-output>
          </reporter-output>
        </test-method> <!-- getUSersAPITest -->
        <test-method is-config="true" signature="tearDown()[pri:0, instance:com.qa.api.tests.GET.GETAPICall@1b68b9a4]" started-at="2024-10-29T20:56:32 GMT-04:00" name="tearDown" finished-at="2024-10-29T20:56:32 GMT-04:00" duration-ms="22" status="PASS">
          <reporter-output>
          </reporter-output>
        </test-method> <!-- tearDown -->
      </class> <!-- com.qa.api.tests.GET.GETAPICall -->
    </test> <!-- Default test -->
  </suite> <!-- Default suite -->
</testng-results>
